<?xml version="1.0" encoding="UTF-8"?>
<robot generator="Robot 4.1.2 (Python 3.10.0 on win32)" generated="20230402 22:25:56.490" rpa="false" schemaversion="2">
<suite id="s1" name="TestLoginPage" source="C:\Users\dave\Documents\TestShopping\Cases\TestLoginPage.robot">
<test id="s1-t1" name="Test login page">
<kw name="Open webbrowser" library="Shared_Keywords">
<kw name="Create Webdriver" library="SeleniumLibrary">
<arg>Chrome</arg>
<doc>Creates an instance of Selenium WebDriver.</doc>
<msg timestamp="20230402 22:25:59.793" level="INFO">Creating an instance of the Chrome WebDriver.</msg>
<status status="PASS" starttime="20230402 22:25:59.792" endtime="20230402 22:26:08.655"/>
</kw>
<kw name="Go To" library="SeleniumLibrary">
<arg>https://www.rahulshettyacademy.com/loginpagePractise/</arg>
<doc>Navigates the active browser instance to the provided ``url``.</doc>
<msg timestamp="20230402 22:26:08.658" level="INFO">Opening url 'https://www.rahulshettyacademy.com/loginpagePractise/'</msg>
<status status="PASS" starttime="20230402 22:26:08.657" endtime="20230402 22:26:13.454"/>
</kw>
<status status="PASS" starttime="20230402 22:25:59.789" endtime="20230402 22:26:13.455"/>
</kw>
<kw name="Login to the page" library="Shared_Keywords">
<arg>rahulshettyacademy</arg>
<arg>learning</arg>
<arg>//button[@id="okayBtn"]</arg>
<kw name="Input Text" library="SeleniumLibrary">
<arg>//input[@id="username"]</arg>
<arg>${Login}</arg>
<doc>Types the given ``text`` into text field identified by ``locator``.</doc>
<msg timestamp="20230402 22:26:13.551" level="INFO">Typing text 'rahulshettyacademy' into text field '//input[@id="username"]'.</msg>
<status status="PASS" starttime="20230402 22:26:13.547" endtime="20230402 22:26:14.682"/>
</kw>
<kw name="Input Password" library="SeleniumLibrary">
<arg>//input[@id="password"]</arg>
<arg>${Password}</arg>
<doc>Types the given password into text field identified by ``locator``.</doc>
<msg timestamp="20230402 22:26:14.684" level="INFO">Typing password into text field '//input[@id="password"]'.</msg>
<status status="PASS" starttime="20230402 22:26:14.682" endtime="20230402 22:26:15.400"/>
</kw>
<kw name="Click Element" library="SeleniumLibrary">
<arg>//input[@value="user"]/following-sibling::span</arg>
<doc>Click element identified by ``locator``.</doc>
<msg timestamp="20230402 22:26:15.405" level="INFO">Clicking element '//input[@value="user"]/following-sibling::span'.</msg>
<status status="PASS" starttime="20230402 22:26:15.401" endtime="20230402 22:26:15.774"/>
</kw>
<kw name="Sleep" library="BuiltIn">
<arg>5s</arg>
<doc>Pauses the test executed for the given time.</doc>
<msg timestamp="20230402 22:26:20.787" level="INFO">Slept 5 seconds</msg>
<status status="PASS" starttime="20230402 22:26:15.775" endtime="20230402 22:26:20.788"/>
</kw>
<kw name="Execute Javascript" library="SeleniumLibrary">
<arg>document.getElementById("okayBtn").click()</arg>
<doc>Executes the given JavaScript code with possible arguments.</doc>
<msg timestamp="20230402 22:26:20.790" level="INFO">Executing JavaScript:
document.getElementById("okayBtn").click()
Without any arguments.</msg>
<status status="PASS" starttime="20230402 22:26:20.789" endtime="20230402 22:26:20.825"/>
</kw>
<kw name="Click Element" library="SeleniumLibrary">
<arg>//input[@id="terms"]</arg>
<arg>modifier=False</arg>
<doc>Click element identified by ``locator``.</doc>
<msg timestamp="20230402 22:26:20.827" level="INFO">Clicking element '//input[@id="terms"]'.</msg>
<status status="PASS" starttime="20230402 22:26:20.826" endtime="20230402 22:26:21.316"/>
</kw>
<kw name="Click Element" library="SeleniumLibrary">
<arg>//input[@id="signInBtn"]</arg>
<arg>modifier=False</arg>
<doc>Click element identified by ``locator``.</doc>
<msg timestamp="20230402 22:26:21.319" level="INFO">Clicking element '//input[@id="signInBtn"]'.</msg>
<status status="PASS" starttime="20230402 22:26:21.318" endtime="20230402 22:26:21.649"/>
</kw>
<status status="PASS" starttime="20230402 22:26:13.545" endtime="20230402 22:26:21.650"/>
</kw>
<kw name="verify page" library="Shared_Keywords">
<arg>//h1[@class="my-4"]</arg>
<kw name="Wait Until Element Is Visible" library="SeleniumLibrary">
<arg>${Page_Locator}</arg>
<doc>Waits until element ``locator`` is visible.</doc>
<status status="PASS" starttime="20230402 22:26:21.667" endtime="20230402 22:26:30.169"/>
</kw>
<status status="PASS" starttime="20230402 22:26:21.661" endtime="20230402 22:26:30.170"/>
</kw>
<status status="PASS" starttime="20230402 22:25:59.745" endtime="20230402 22:26:30.173"/>
</test>
<status status="PASS" starttime="20230402 22:25:56.508" endtime="20230402 22:26:30.194"/>
</suite>
<statistics>
<total>
<stat pass="1" fail="0" skip="0">All Tests</stat>
</total>
<tag>
</tag>
<suite>
<stat pass="1" fail="0" skip="0" id="s1" name="TestLoginPage">TestLoginPage</stat>
</suite>
</statistics>
<errors>
</errors>
</robot>
